<?xml version="1.0" encoding="UTF-8"?>
<testsuite xmlns:xsi="http://www.w3.org/2001/XMLSchema-instance" xsi:noNamespaceSchemaLocation="https://maven.apache.org/surefire/maven-failsafe-plugin/xsd/failsafe-test-report.xsd" name="order.FirstIT" time="2.202" tests="3" errors="0" skipped="0" failures="0">
  <properties>
[...]
</properties>
  <testcase name="callIndexPage" classname="order.FirstIT" time="0.968"/>
  <testcase name="callBooks" classname="order.FirstIT" time="0.497"/>
  <testcase name="getBookWhileNoOneExists" classname="order.FirstIT" time="0.157"/>
</testsuite>